[13/May/2013-5:17:22]-admin-application/vnd.ms-excel-kiba.xls-13824 byte
[13/May/2013-5:19:12]-admin-application/vnd.ms-excel-kiba.xls-26624 byte
[13/May/2013-5:44:37]-admin-application/vnd.ms-excel-kibc.xls-47616 byte
[13/May/2013-5:46:43]-admin-application/vnd.ms-excel-kibc.xls-47616 byte
[13/May/2013-5:48:1]-admin-application/vnd.ms-excel-kibc.xls-58880 byte
[15/May/2013-4:22:48]-admin-application/vnd.ms-excel-kiba.xls-26624 byte
[15/May/2013-22:38:37]-admin-application/vnd.ms-excel-kiba.xls-26624 byte
[15/May/2013-22:40:13]-admin-application/vnd.ms-excel-kiba.xls-26624 byte
[20/May/2013-3:19:54]-admin-application/pdf-belajar database.pdf-202199 byte
[20/May/2013-3:24:5]-admin-application/pdf-belajar database.pdf-202199 byte
[20/May/2013-3:50:10]-admin-application/vnd.ms-excel-kiba.xls-26624 byte
[29/May/2013-14:18:9]-admin-application/vnd.ms-excel-kiba.xls-26624 byte
[29/May/2013-15:4:44]-admin-application/vnd.ms-excel-kiba.xls-26624 byte
[31/May/2013-1:17:16]-admin-application/vnd.ms-excel-kiba.xls-13824 byte
[31/May/2013-22:0:39]-user21-image/jpeg-576778_550940054926743_1105944200_n.jpg-19971 byte
[31/May/2013-22:37:59]-user21-image/jpeg-576778_550940054926743_1105944200_n.jpg-19971 byte
[31/May/2013-23:6:5]-admin-application/vnd.ms-excel-kiba.xls-13824 byte
[31/May/2013-23:6:36]-user26-application/vnd.ms-excel-kiba.xls-13824 byte
[31/May/2013-23:7:9]-admin-application/vnd.ms-excel-kiba-andreas.xls-13824 byte
[31/May/2013-23:8:21]-user25-image/gif-x_ask.gif-142 byte
[31/May/2013-23:9:23]-admin-application/vnd.ms-excel-kiba-andreas.xls-13824 byte
[31/May/2013-23:10:13]-admin-application/vnd.ms-excel-kiba-andreas.xls-21504 byte
[31/May/2013-23:12:53]-user25-application/vnd.ms-excel-kiba.xls-13824 byte
[31/May/2013-23:24:32]-admin-application/vnd.ms-excel-kiba-andreas.xls-21504 byte
[31/May/2013-23:24:38]-user5-application/vnd.openxmlformats-officedocument.spreadsheetml.sheet-ali kib b.xlsx-11947 byte
[31/May/2013-23:25:29]-user5-application/vnd.openxmlformats-officedocument.spreadsheetml.sheet-ali kib b.xlsx-11947 byte
[31/May/2013-23:42:7]-admin-application/vnd.ms-excel-kiba-andreas.xls-21504 byte
[31/May/2013-23:48:16]-user5-application/vnd.ms-excel-buyung.xls-23040 byte
[19/June/2013-16:12:11]-andreas-application/vnd.ms-excel-kiba.xls-13824 byte
[3/December/2013-10:14:47]-user simbada-application/vnd.ms-excel-kiba.xls-13824 byte
[4/December/2013-10:9:24]-user simbada-application/vnd.ms-excel-kiba.xls-13824 byte
[2/April/2014-10:25:18]-user simbada-application/vnd.ms-excel-kiba.xls-13824 byte
[21/January/2014-3:52:55]-user simbada-application/vnd.ms-excel-kiba.xls-26624 byte
[21/January/2014-11:49:33]-user simbada-application/vnd.ms-excel-kiba.xls-26624 byte
