[28/April/2014-8:9:4]-admin-application/ms-excel-kiba.xls-26624 byte
<<<<<<< .mine
[28/April/2014-9:38:23]-admin-application/vnd.ms-excel-kiba.xls-13824 byte
[28/April/2014-10:50:26]-admin-application/vnd.ms-excel-kiba.xls-13824 byte
[28/April/2014-11:37:8]-admin-application/vnd.ms-excel-kiba.xls-13824 byte
[30/May/2014-5:52:55]-admin-application/vnd.ms-excel-kiba.xls-13824 byte
[30/May/2014-5:53:51]-admin-application/vnd.ms-excel-kiba.xls-13824 byte
=======
[29/April/2014-7:29:14]-admin-application/ms-excel-kiba.xls-26624 byte
[13/June/2014-4:15:52]-admin-application/ms-excel-kiba.xls-26624 byte
[13/June/2014-4:20:11]-admin-application/ms-excel-kiba.xls-26624 byte
[13/June/2014-4:21:52]-admin-application/ms-excel-kiba.xls-26624 byte
>>>>>>> .r87
[23/June/2014-17:11:53]-admin-application/vnd.ms-excel-kiba.xls-13824 byte
[24/June/2014-5:44:3]-admin-application/vnd.ms-excel-kiba.xls-13824 byte
[7/July/2014-11:2:44]-iman-application/vnd.ms-excel-kiba.xls-13824 byte
[7/July/2014-11:12:3]-ozon-application/vnd.ms-excel-kiba.xls-13824 byte
[7/July/2014-11:14:22]-ozon-application/vnd.ms-excel-kiba.xls-13824 byte
[28/August/2014-17:16:41]-iman-application/vnd.ms-excel-kiba.xls-13824 byte
[7/September/2014-17:17:24]-admin-application/vnd.ms-excel-kiba.xls-13824 byte
